<?xml version="1.0" encoding="UTF-8"?>
<!-- Generated by org.testng.reporters.JUnitXMLReporter -->
<testsuite ignored="0" hostname="NO-002-QA" failures="0" tests="3" name="Default test" time="33.22" errors="0" timestamp="2023-12-04T20:27:50 IST">
  <testcase classname="com.younited.qa.testcases.LoginPageTest" name="loginPageTitleTest" time="0.01"/>
  <testcase classname="com.younited.qa.testcases.LoginPageTest" name="imageLogoTest" time="0.036"/>
  <testcase classname="com.younited.qa.testcases.LoginPageTest" name="loginTest" time="10.193"/>
</testsuite> <!-- Default test -->
